# JRE version: Java(TM) SE Runtime Environment (8.0_211-b12) (build 1.8.0_211-b12)
# Java VM: Java HotSpot(TM) 64-Bit Server VM (25.211-b12 mixed mode windows-amd64 compressed oops)
Heap:
 PSYoungGen      total 415744K, used 6077K [0x000000076b600000, 0x0000000786500000, 0x00000007c0000000)
  eden space 390144K, 1% used [0x000000076b600000,0x000000076bbef438,0x0000000783300000)
  from space 25600K, 0% used [0x0000000784c00000,0x0000000784c00000,0x0000000786500000)
  to   space 25600K, 0% used [0x0000000783300000,0x0000000783300000,0x0000000784c00000)
 ParOldGen       total 163328K, used 44371K [0x00000006c2200000, 0x00000006cc180000, 0x000000076b600000)
  object space 163328K, 27% used [0x00000006c2200000,0x00000006c4d54c40,0x00000006cc180000)
 Metaspace       used 52997K, capacity 55702K, committed 55936K, reserved 1097728K
  class space    used 7295K, capacity 7802K, committed 7808K, reserved 1048576K
GC Heap History (10 events):
Event: 33.372 GC heap before
{Heap before GC invocations=12 (full 2):
 PSYoungGen      total 342016K, used 342012K [0x000000076b600000, 0x0000000784880000, 0x00000007c0000000)
  eden space 324608K, 100% used [0x000000076b600000,0x000000077f300000,0x000000077f300000)
  from space 17408K, 99% used [0x000000077f300000,0x00000007803ff390,0x0000000780400000)
  to   space 19968K, 0% used [0x0000000783500000,0x0000000783500000,0x0000000784880000)
 ParOldGen       total 163328K, used 27684K [0x00000006c2200000, 0x00000006cc180000, 0x000000076b600000)
  object space 163328K, 16% used [0x00000006c2200000,0x00000006c3d09048,0x00000006cc180000)
 Metaspace       used 47070K, capacity 49428K, committed 49664K, reserved 1091584K
  class space    used 6411K, capacity 6852K, committed 6912K, reserved 1048576K
Event: 33.395 GC heap after
Heap after GC invocations=12 (full 2):
 PSYoungGen      total 389632K, used 19865K [0x000000076b600000, 0x0000000785f00000, 0x00000007c0000000)
  eden space 369664K, 0% used [0x000000076b600000,0x000000076b600000,0x0000000781f00000)
  from space 19968K, 99% used [0x0000000783500000,0x0000000784866450,0x0000000784880000)
  to   space 22528K, 0% used [0x0000000781f00000,0x0000000781f00000,0x0000000783500000)
 ParOldGen       total 163328K, used 27692K [0x00000006c2200000, 0x00000006cc180000, 0x000000076b600000)
  object space 163328K, 16% used [0x00000006c2200000,0x00000006c3d0b048,0x00000006cc180000)
 Metaspace       used 47070K, capacity 49428K, committed 49664K, reserved 1091584K
  class space    used 6411K, capacity 6852K, committed 6912K, reserved 1048576K
}
Event: 403.173 GC heap before
{Heap before GC invocations=13 (full 2):
 PSYoungGen      total 389632K, used 259920K [0x000000076b600000, 0x0000000785f00000, 0x00000007c0000000)
  eden space 369664K, 64% used [0x000000076b600000,0x000000077a06dca0,0x0000000781f00000)
  from space 19968K, 99% used [0x0000000783500000,0x0000000784866450,0x0000000784880000)
  to   space 22528K, 0% used [0x0000000781f00000,0x0000000781f00000,0x0000000783500000)
 ParOldGen       total 163328K, used 27692K [0x00000006c2200000, 0x00000006cc180000, 0x000000076b600000)
  object space 163328K, 16% used [0x00000006c2200000,0x00000006c3d0b048,0x00000006cc180000)
 Metaspace       used 52659K, capacity 55284K, committed 55424K, reserved 1097728K
  class space    used 7258K, capacity 7733K, committed 7808K, reserved 1048576K
Event: 403.197 GC heap after
Heap after GC invocations=13 (full 2):
 PSYoungGen      total 392192K, used 22499K [0x000000076b600000, 0x0000000786500000, 0x00000007c0000000)
  eden space 369664K, 0% used [0x000000076b600000,0x000000076b600000,0x0000000781f00000)
  from space 22528K, 99% used [0x0000000781f00000,0x00000007834f8f88,0x0000000783500000)
  to   space 25600K, 0% used [0x0000000784c00000,0x0000000784c00000,0x0000000786500000)
 ParOldGen       total 163328K, used 28472K [0x00000006c2200000, 0x00000006cc180000, 0x000000076b600000)
  object space 163328K, 17% used [0x00000006c2200000,0x00000006c3dce138,0x00000006cc180000)
 Metaspace       used 52659K, capacity 55284K, committed 55424K, reserved 1097728K
  class space    used 7258K, capacity 7733K, committed 7808K, reserved 1048576K
}
Event: 403.197 GC heap before
{Heap before GC invocations=14 (full 3):
 PSYoungGen      total 392192K, used 22499K [0x000000076b600000, 0x0000000786500000, 0x00000007c0000000)
  eden space 369664K, 0% used [0x000000076b600000,0x000000076b600000,0x0000000781f00000)
  from space 22528K, 99% used [0x0000000781f00000,0x00000007834f8f88,0x0000000783500000)
  to   space 25600K, 0% used [0x0000000784c00000,0x0000000784c00000,0x0000000786500000)
 ParOldGen       total 163328K, used 28472K [0x00000006c2200000, 0x00000006cc180000, 0x000000076b600000)
  object space 163328K, 17% used [0x00000006c2200000,0x00000006c3dce138,0x00000006cc180000)
 Metaspace       used 52659K, capacity 55284K, committed 55424K, reserved 1097728K
  class space    used 7258K, capacity 7733K, committed 7808K, reserved 1048576K
Event: 403.435 GC heap after
Heap after GC invocations=14 (full 3):
 PSYoungGen      total 392192K, used 0K [0x000000076b600000, 0x0000000786500000, 0x00000007c0000000)
  eden space 369664K, 0% used [0x000000076b600000,0x000000076b600000,0x0000000781f00000)
  from space 22528K, 0% used [0x0000000781f00000,0x0000000781f00000,0x0000000783500000)
  to   space 25600K, 0% used [0x0000000784c00000,0x0000000784c00000,0x0000000786500000)
 ParOldGen       total 163328K, used 42096K [0x00000006c2200000, 0x00000006cc180000, 0x000000076b600000)
  object space 163328K, 25% used [0x00000006c2200000,0x00000006c4b1c158,0x00000006cc180000)
 Metaspace       used 52655K, capacity 55278K, committed 55424K, reserved 1097728K
  class space    used 7257K, capacity 7732K, committed 7808K, reserved 1048576K
}
Event: 739.982 GC heap before
{Heap before GC invocations=15 (full 3):
 PSYoungGen      total 392192K, used 245560K [0x000000076b600000, 0x0000000786500000, 0x00000007c0000000)
  eden space 369664K, 66% used [0x000000076b600000,0x000000077a5ce228,0x0000000781f00000)
  from space 22528K, 0% used [0x0000000781f00000,0x0000000781f00000,0x0000000783500000)
  to   space 25600K, 0% used [0x0000000784c00000,0x0000000784c00000,0x0000000786500000)
 ParOldGen       total 163328K, used 42096K [0x00000006c2200000, 0x00000006cc180000, 0x000000076b600000)
  object space 163328K, 25% used [0x00000006c2200000,0x00000006c4b1c158,0x00000006cc180000)
 Metaspace       used 52963K, capacity 55702K, committed 55936K, reserved 1097728K
  class space    used 7292K, capacity 7801K, committed 7808K, reserved 1048576K
Event: 739.996 GC heap after
Heap after GC invocations=15 (full 3):
 PSYoungGen      total 415744K, used 7719K [0x000000076b600000, 0x0000000786500000, 0x00000007c0000000)
  eden space 390144K, 0% used [0x000000076b600000,0x000000076b600000,0x0000000783300000)
  from space 25600K, 30% used [0x0000000784c00000,0x0000000785389ed0,0x0000000786500000)
  to   space 25600K, 0% used [0x0000000783300000,0x0000000783300000,0x0000000784c00000)
 ParOldGen       total 163328K, used 42104K [0x00000006c2200000, 0x00000006cc180000, 0x000000076b600000)
  object space 163328K, 25% used [0x00000006c2200000,0x00000006c4b1e158,0x00000006cc180000)
 Metaspace       used 52963K, capacity 55702K, committed 55936K, reserved 1097728K
  class space    used 7292K, capacity 7801K, committed 7808K, reserved 1048576K
}
Event: 739.996 GC heap before
{Heap before GC invocations=16 (full 4):
 PSYoungGen      total 415744K, used 7719K [0x000000076b600000, 0x0000000786500000, 0x00000007c0000000)
  eden space 390144K, 0% used [0x000000076b600000,0x000000076b600000,0x0000000783300000)
  from space 25600K, 30% used [0x0000000784c00000,0x0000000785389ed0,0x0000000786500000)
  to   space 25600K, 0% used [0x0000000783300000,0x0000000783300000,0x0000000784c00000)
 ParOldGen       total 163328K, used 42104K [0x00000006c2200000, 0x00000006cc180000, 0x000000076b600000)
  object space 163328K, 25% used [0x00000006c2200000,0x00000006c4b1e158,0x00000006cc180000)
 Metaspace       used 52963K, capacity 55702K, committed 55936K, reserved 1097728K
  class space    used 7292K, capacity 7801K, committed 7808K, reserved 1048576K
Event: 740.282 GC heap after
Heap after GC invocations=16 (full 4):
 PSYoungGen      total 415744K, used 0K [0x000000076b600000, 0x0000000786500000, 0x00000007c0000000)
  eden space 390144K, 0% used [0x000000076b600000,0x000000076b600000,0x0000000783300000)
  from space 25600K, 0% used [0x0000000784c00000,0x0000000784c00000,0x0000000786500000)
  to   space 25600K, 0% used [0x0000000783300000,0x0000000783300000,0x0000000784c00000)
 ParOldGen       total 163328K, used 44371K [0x00000006c2200000, 0x00000006cc180000, 0x000000076b600000)
  object space 163328K, 27% used [0x00000006c2200000,0x00000006c4d54c40,0x00000006cc180000)
 Metaspace       used 52959K, capacity 55696K, committed 55936K, reserved 1097728K
  class space    used 7291K, capacity 7800K, committed 7808K, reserved 1048576K
}

